# JRE version: Java(TM) SE Runtime Environment 18.9 (11.0.10+8) (build 11.0.10+8-LTS-162)
# Java VM: Java HotSpot(TM) 64-Bit Server VM 18.9 (11.0.10+8-LTS-162, mixed mode, tiered, compressed oops, g1 gc, windows-amd64)
Heap:
 garbage-first heap   total 189440K, used 118183K [0x0000000080000000, 0x0000000100000000)
  region size 1024K, 18 young (18432K), 3 survivors (3072K)
 Metaspace       used 111173K, capacity 114135K, committed 114208K, reserved 1148928K
  class space    used 13909K, capacity 14932K, committed 14976K, reserved 1048576K
GC Heap History (10 events):
Event: 1057.631 GC heap before
{Heap before GC invocations=47 (full 0):
 garbage-first heap   total 189440K, used 129526K [0x0000000080000000, 0x0000000100000000)
  region size 1024K, 9 young (9216K), 3 survivors (3072K)
 Metaspace       used 106688K, capacity 109594K, committed 109856K, reserved 1144832K
  class space    used 13354K, capacity 14354K, committed 14464K, reserved 1048576K
}
Event: 1057.634 GC heap after
{Heap after GC invocations=48 (full 0):
 garbage-first heap   total 189440K, used 121230K [0x0000000080000000, 0x0000000100000000)
  region size 1024K, 1 young (1024K), 1 survivors (1024K)
 Metaspace       used 106688K, capacity 109594K, committed 109856K, reserved 1144832K
  class space    used 13354K, capacity 14354K, committed 14464K, reserved 1048576K
}
Event: 1058.006 GC heap before
{Heap before GC invocations=48 (full 0):
 garbage-first heap   total 189440K, used 144782K [0x0000000080000000, 0x0000000100000000)
  region size 1024K, 24 young (24576K), 1 survivors (1024K)
 Metaspace       used 108579K, capacity 111539K, committed 111648K, reserved 1146880K
  class space    used 13598K, capacity 14617K, committed 14720K, reserved 1048576K
}
Event: 1058.010 GC heap after
{Heap after GC invocations=49 (full 0):
 garbage-first heap   total 189440K, used 121210K [0x0000000080000000, 0x0000000100000000)
  region size 1024K, 1 young (1024K), 1 survivors (1024K)
 Metaspace       used 108579K, capacity 111539K, committed 111648K, reserved 1146880K
  class space    used 13598K, capacity 14617K, committed 14720K, reserved 1048576K
}
Event: 1058.402 GC heap before
{Heap before GC invocations=50 (full 0):
 garbage-first heap   total 189440K, used 137594K [0x0000000080000000, 0x0000000100000000)
  region size 1024K, 26 young (26624K), 1 survivors (1024K)
 Metaspace       used 110028K, capacity 112996K, committed 113312K, reserved 1148928K
  class space    used 13762K, capacity 14756K, committed 14848K, reserved 1048576K
}
Event: 1058.407 GC heap after
{Heap after GC invocations=51 (full 0):
 garbage-first heap   total 189440K, used 114394K [0x0000000080000000, 0x0000000100000000)
  region size 1024K, 3 young (3072K), 3 survivors (3072K)
 Metaspace       used 110028K, capacity 112996K, committed 113312K, reserved 1148928K
  class space    used 13762K, capacity 14756K, committed 14848K, reserved 1048576K
}
Event: 1058.452 GC heap before
{Heap before GC invocations=51 (full 0):
 garbage-first heap   total 189440K, used 119514K [0x0000000080000000, 0x0000000100000000)
  region size 1024K, 9 young (9216K), 3 survivors (3072K)
 Metaspace       used 110035K, capacity 112997K, committed 113312K, reserved 1148928K
  class space    used 13762K, capacity 14756K, committed 14848K, reserved 1048576K
}
Event: 1058.457 GC heap after
{Heap after GC invocations=52 (full 0):
 garbage-first heap   total 189440K, used 102529K [0x0000000080000000, 0x0000000100000000)
  region size 1024K, 1 young (1024K), 1 survivors (1024K)
 Metaspace       used 110035K, capacity 112997K, committed 113312K, reserved 1148928K
  class space    used 13762K, capacity 14756K, committed 14848K, reserved 1048576K
}
Event: 1058.779 GC heap before
{Heap before GC invocations=52 (full 0):
 garbage-first heap   total 189440K, used 137345K [0x0000000080000000, 0x0000000100000000)
  region size 1024K, 36 young (36864K), 1 survivors (1024K)
 Metaspace       used 111016K, capacity 114052K, committed 114208K, reserved 1148928K
  class space    used 13890K, capacity 14927K, committed 14976K, reserved 1048576K
}
Event: 1058.783 GC heap after
{Heap after GC invocations=53 (full 0):
 garbage-first heap   total 189440K, used 104871K [0x0000000080000000, 0x0000000100000000)
  region size 1024K, 3 young (3072K), 3 survivors (3072K)
 Metaspace       used 111016K, capacity 114052K, committed 114208K, reserved 1148928K
  class space    used 13890K, capacity 14927K, committed 14976K, reserved 1048576K
}

